Determining if the function sgemm_ exists failed with the following output:
Change Dir: /home/idveiwd-07/lbfgs_autodiff/build/CMakeFiles/CMakeTmp

Run Build Command(s):/usr/bin/make cmTC_fd43e/fast && /usr/bin/make -f CMakeFiles/cmTC_fd43e.dir/build.make CMakeFiles/cmTC_fd43e.dir/build
make[1]: Entering directory '/home/idveiwd-07/lbfgs_autodiff/build/CMakeFiles/CMakeTmp'
Building C object CMakeFiles/cmTC_fd43e.dir/CheckFunctionExists.c.o
/usr/bin/cc   -DCHECK_FUNCTION_EXISTS=sgemm_   -o CMakeFiles/cmTC_fd43e.dir/CheckFunctionExists.c.o   -c /usr/share/cmake-3.16/Modules/CheckFunctionExists.c
Linking C executable cmTC_fd43e
/usr/bin/cmake -E cmake_link_script CMakeFiles/cmTC_fd43e.dir/link.txt --verbose=1
/usr/bin/cc  -DCHECK_FUNCTION_EXISTS=sgemm_    CMakeFiles/cmTC_fd43e.dir/CheckFunctionExists.c.o  -o cmTC_fd43e 
/usr/bin/ld: CMakeFiles/cmTC_fd43e.dir/CheckFunctionExists.c.o: in function `main':
CheckFunctionExists.c:(.text+0x14): undefined reference to `sgemm_'
collect2: error: ld returned 1 exit status
make[1]: *** [CMakeFiles/cmTC_fd43e.dir/build.make:87: cmTC_fd43e] Error 1
make[1]: Leaving directory '/home/idveiwd-07/lbfgs_autodiff/build/CMakeFiles/CMakeTmp'
make: *** [Makefile:121: cmTC_fd43e/fast] Error 2



Performing C SOURCE FILE Test CMAKE_HAVE_LIBC_PTHREAD failed with the following output:
Change Dir: /home/idveiwd-07/lbfgs_autodiff/build/CMakeFiles/CMakeTmp

Run Build Command(s):/usr/bin/make cmTC_ac324/fast && /usr/bin/make -f CMakeFiles/cmTC_ac324.dir/build.make CMakeFiles/cmTC_ac324.dir/build
make[1]: Entering directory '/home/idveiwd-07/lbfgs_autodiff/build/CMakeFiles/CMakeTmp'
Building C object CMakeFiles/cmTC_ac324.dir/src.c.o
/usr/bin/cc   -DCMAKE_HAVE_LIBC_PTHREAD   -o CMakeFiles/cmTC_ac324.dir/src.c.o   -c /home/idveiwd-07/lbfgs_autodiff/build/CMakeFiles/CMakeTmp/src.c
Linking C executable cmTC_ac324
/usr/bin/cmake -E cmake_link_script CMakeFiles/cmTC_ac324.dir/link.txt --verbose=1
/usr/bin/cc  -DCMAKE_HAVE_LIBC_PTHREAD    CMakeFiles/cmTC_ac324.dir/src.c.o  -o cmTC_ac324 
/usr/bin/ld: CMakeFiles/cmTC_ac324.dir/src.c.o: in function `main':
src.c:(.text+0x46): undefined reference to `pthread_create'
/usr/bin/ld: src.c:(.text+0x52): undefined reference to `pthread_detach'
/usr/bin/ld: src.c:(.text+0x63): undefined reference to `pthread_join'
collect2: error: ld returned 1 exit status
make[1]: *** [CMakeFiles/cmTC_ac324.dir/build.make:87: cmTC_ac324] Error 1
make[1]: Leaving directory '/home/idveiwd-07/lbfgs_autodiff/build/CMakeFiles/CMakeTmp'
make: *** [Makefile:121: cmTC_ac324/fast] Error 2


Source file was:
#include <pthread.h>

void* test_func(void* data)
{
  return data;
}

int main(void)
{
  pthread_t thread;
  pthread_create(&thread, NULL, test_func, NULL);
  pthread_detach(thread);
  pthread_join(thread, NULL);
  pthread_atfork(NULL, NULL, NULL);
  pthread_exit(NULL);

  return 0;
}

Determining if the function pthread_create exists in the pthreads failed with the following output:
Change Dir: /home/idveiwd-07/lbfgs_autodiff/build/CMakeFiles/CMakeTmp

Run Build Command(s):/usr/bin/make cmTC_87cb8/fast && /usr/bin/make -f CMakeFiles/cmTC_87cb8.dir/build.make CMakeFiles/cmTC_87cb8.dir/build
make[1]: Entering directory '/home/idveiwd-07/lbfgs_autodiff/build/CMakeFiles/CMakeTmp'
Building C object CMakeFiles/cmTC_87cb8.dir/CheckFunctionExists.c.o
/usr/bin/cc   -DCHECK_FUNCTION_EXISTS=pthread_create   -o CMakeFiles/cmTC_87cb8.dir/CheckFunctionExists.c.o   -c /usr/share/cmake-3.16/Modules/CheckFunctionExists.c
Linking C executable cmTC_87cb8
/usr/bin/cmake -E cmake_link_script CMakeFiles/cmTC_87cb8.dir/link.txt --verbose=1
/usr/bin/cc  -DCHECK_FUNCTION_EXISTS=pthread_create    CMakeFiles/cmTC_87cb8.dir/CheckFunctionExists.c.o  -o cmTC_87cb8  -lpthreads 
/usr/bin/ld: cannot find -lpthreads
collect2: error: ld returned 1 exit status
make[1]: *** [CMakeFiles/cmTC_87cb8.dir/build.make:87: cmTC_87cb8] Error 1
make[1]: Leaving directory '/home/idveiwd-07/lbfgs_autodiff/build/CMakeFiles/CMakeTmp'
make: *** [Makefile:121: cmTC_87cb8/fast] Error 2



Determining if the function cheev_ exists failed with the following output:
Change Dir: /home/idveiwd-07/lbfgs_autodiff/build/CMakeFiles/CMakeTmp

Run Build Command(s):/usr/bin/make cmTC_35a37/fast && /usr/bin/make -f CMakeFiles/cmTC_35a37.dir/build.make CMakeFiles/cmTC_35a37.dir/build
make[1]: Entering directory '/home/idveiwd-07/lbfgs_autodiff/build/CMakeFiles/CMakeTmp'
Building C object CMakeFiles/cmTC_35a37.dir/CheckFunctionExists.c.o
/usr/bin/cc   -DCHECK_FUNCTION_EXISTS=cheev_   -o CMakeFiles/cmTC_35a37.dir/CheckFunctionExists.c.o   -c /usr/share/cmake-3.16/Modules/CheckFunctionExists.c
Linking C executable cmTC_35a37
/usr/bin/cmake -E cmake_link_script CMakeFiles/cmTC_35a37.dir/link.txt --verbose=1
/usr/bin/cc  -DCHECK_FUNCTION_EXISTS=cheev_    CMakeFiles/cmTC_35a37.dir/CheckFunctionExists.c.o  -o cmTC_35a37  /usr/lib/x86_64-linux-gnu/libf77blas.so /usr/lib/x86_64-linux-gnu/libatlas.so 
/usr/bin/ld: CMakeFiles/cmTC_35a37.dir/CheckFunctionExists.c.o: in function `main':
CheckFunctionExists.c:(.text+0x14): undefined reference to `cheev_'
collect2: error: ld returned 1 exit status
make[1]: *** [CMakeFiles/cmTC_35a37.dir/build.make:89: cmTC_35a37] Error 1
make[1]: Leaving directory '/home/idveiwd-07/lbfgs_autodiff/build/CMakeFiles/CMakeTmp'
make: *** [Makefile:121: cmTC_35a37/fast] Error 2



